wine: Read access denied for device L"\\??\\D:\\", FS volume label and serial are not available.
wine: Read access denied for device L"\\??\\D:\\", FS volume label and serial are not available.
wine: Read access denied for device L"\\??\\D:\\", FS volume label and serial are not available.
wine: Read access denied for device L"\\??\\D:\\", FS volume label and serial are not available.
wine: Read access denied for device L"\\??\\D:\\", FS volume label and serial are not available.
wine: Read access denied for device L"\\??\\D:\\", FS volume label and serial are not available.
wine: Read access denied for device L"\\??\\D:\\", FS volume label and serial are not available.
wine: Read access denied for device L"\\??\\D:\\", FS volume label and serial are not available.
[0531/093645:INFO:exception_record.cc(518)] [QB]Process ID: 8 Type: 1
[0531/093645:ERROR:network_change_notifier_win.cc(156)] WSALookupServiceBegin failed with: 8
wine: could not open working directory L"unix\\home\\lemcoden\\hexo_blog\\", starting in the Windows directory.
[0531/093707:INFO:exception_record.cc(518)] [QB]Process ID: 280 Type: 2
[0531/093708:WARNING:cert_verify_proc_win.cc(108)] Unknown error -2146762482 mapped to net::ERR_FAILED
[0531/093708:WARNING:cert_verify_proc_win.cc(108)] Unknown error -2146762482 mapped to net::ERR_FAILED
wine: could not open working directory L"unix\\home\\lemcoden\\hexo_blog\\", starting in the Windows directory.
[0531/093711.421:ERROR:gl_surface_egl.cc(770)] ANGLE Platform initialization failed.
[308:333:0531/093712:ERROR:network_change_notifier_win.cc(156)] WSALookupServiceBegin failed with: 122
[308:333:0531/093712:ERROR:xwalk_net_log.cc(65)] Could not open file f:\xw_log\xw_net_log.txt for net logging
[308:333:0531/093712:ERROR:xwalk_platform_notification_service.cc(143)] NOT IMPLEMENTED
[308:333:0531/093712:ERROR:xwalk_browser_context.cc(88)] Failed to read preference, error num: 0
wine: could not open working directory L"unix\\home\\lemcoden\\hexo_blog\\", starting in the Windows directory.
0174:err:rundll32:wWinMain Unable to find the entry point L"" in L"shell32"
0179:err:rundll32:wWinMain Unable to find the entry point L"" in L"shell32"
X connection to :0 broken (explicit kill or server shutdown).
X connection to :0 broken (explicit kill or server shutdown).
X connection to :0 broken (explicit kill or server shutdown).
X connection to :0 broken (explicit kill or server shutdown).
X connection to :0 broken (explicit kill or server shutdown).
X connection to :0 broken (explicit kill or server shutdown).
